<?xml version="1.0" encoding="UTF-8"?>
<!-- Generated by org.testng.reporters.JUnitReportReporter -->
<testsuite skipped="0" hostname="DESKTOP-IDH24Q1" name="com.cookies.FaceBook_GetCookieNames" tests="1" failures="0" timestamp="08 Jan 2019 13:43:02 GMT" time="0.021" errors="0">
  <testcase name="Cookies" time="0.021" classname="com.cookies.FaceBook_GetCookieNames"/>
</testsuite> <!-- com.cookies.FaceBook_GetCookieNames -->
