<?xml version="1.0" encoding="UTF-8"?>
<!-- Generated by org.testng.reporters.JUnitReportReporter -->
<testsuite skipped="0" hostname="DESKTOP-IDH24Q1" name="com.TestNGAnnotations.NewTours_LoginTest" tests="1" failures="0" timestamp="07 Jan 2019 04:17:44 GMT" time="15.731" errors="0">
  <testcase name="login" time="15.731" classname="com.TestNGAnnotations.NewTours_LoginTest"/>
</testsuite> <!-- com.TestNGAnnotations.NewTours_LoginTest -->
