<?xml version="1.0" encoding="UTF-8"?>
<!-- Generated by org.testng.reporters.JUnitReportReporter -->
<testsuite skipped="0" hostname="DESKTOP-IDH24Q1" name="basicProgram.Gmail_Login" tests="1" failures="0" timestamp="09 Jan 2019 15:19:26 GMT" time="0.375" errors="0">
  <testcase name="gmail_Login" time="0.375" classname="basicProgram.Gmail_Login"/>
</testsuite> <!-- basicProgram.Gmail_Login -->
