<?xml version="1.0" encoding="UTF-8"?>
<!-- Generated by org.testng.reporters.JUnitReportReporter -->
<testsuite skipped="1" hostname="DESKTOP-IDH24Q1" name="com.TestNGAnnotations.TestAnnotation$Annotations1" tests="4" failures="0" timestamp="09 Jan 2019 17:46:29 GMT" time="0.017" errors="0">
  <testcase name="login" time="0.009" classname="com.TestNGAnnotations.TestAnnotation$Annotations1"/>
  <testcase name="Composemail" time="0.004" classname="com.TestNGAnnotations.TestAnnotation$Annotations1"/>
  <testcase name="drafts" time="0.004" classname="com.TestNGAnnotations.TestAnnotation$Annotations1"/>
  <testcase name="inbox" classname="com.TestNGAnnotations.TestAnnotation$Annotations1">
    <skipped/>
  </testcase> <!-- inbox -->
</testsuite> <!-- com.TestNGAnnotations.TestAnnotation$Annotations1 -->
