<?xml version="1.0" encoding="UTF-8"?>
<!-- Generated by org.testng.reporters.JUnitReportReporter -->
<testsuite skipped="0" hostname="DESKTOP-IDH24Q1" name="com.Annotations.Annotations1" tests="1" failures="0" timestamp="05 Jan 2019 06:03:06 GMT" time="0.013" errors="0">
  <testcase name="test" time="0.013" classname="com.Annotations.Annotations1"/>
</testsuite> <!-- com.Annotations.Annotations1 -->
