<?xml version="1.0" encoding="UTF-8"?>
<!-- Generated by org.testng.reporters.JUnitReportReporter -->
<testsuite skipped="0" hostname="DESKTOP-IDH24Q1" name="com.TestNGAnnotations.TestNG_TimeandDate_WriteIntoExcel" tests="1" failures="0" timestamp="08 Jan 2019 12:22:05 GMT" time="12.427" errors="0">
  <testcase name="TimeAndDate_WebTable_Write" time="12.427" classname="com.TestNGAnnotations.TestNG_TimeandDate_WriteIntoExcel"/>
</testsuite> <!-- com.TestNGAnnotations.TestNG_TimeandDate_WriteIntoExcel -->
