<?xml version="1.0" encoding="UTF-8"?>
<!-- Generated by org.testng.reporters.JUnitReportReporter -->
<testsuite skipped="1" hostname="DESKTOP-IDH24Q1" name="com.TestNGAnnotations.Beforemethod_Test_AfterMethod$Annotation2" tests="3" failures="0" timestamp="09 Jan 2019 17:46:29 GMT" time="0.019" errors="0">
  <testcase name="login" time="0.014" classname="com.TestNGAnnotations.Beforemethod_Test_AfterMethod$Annotation2"/>
  <testcase name="Composemail" time="0.005" classname="com.TestNGAnnotations.Beforemethod_Test_AfterMethod$Annotation2"/>
  <testcase name="spam" classname="com.TestNGAnnotations.Beforemethod_Test_AfterMethod$Annotation2">
    <skipped/>
  </testcase> <!-- spam -->
</testsuite> <!-- com.TestNGAnnotations.Beforemethod_Test_AfterMethod$Annotation2 -->
