<?xml version="1.0" encoding="UTF-8"?>
<!-- Generated by org.testng.reporters.JUnitReportReporter -->
<testsuite skipped="0" hostname="DESKTOP-IDH24Q1" name="com.NewtoursDemoaut_Application.TestNG_Login_FlightConfirmation" tests="2" failures="0" timestamp="09 Jan 2019 17:30:26 GMT" time="15.278" errors="0">
  <testcase name="Login" time="5.110" classname="com.NewtoursDemoaut_Application.TestNG_Login_FlightConfirmation"/>
  <testcase name="BookingTicket" time="10.168" classname="com.NewtoursDemoaut_Application.TestNG_Login_FlightConfirmation"/>
</testsuite> <!-- com.NewtoursDemoaut_Application.TestNG_Login_FlightConfirmation -->
