<?xml version="1.0" encoding="UTF-8"?>
<!-- Generated by org.testng.reporters.JUnitReportReporter -->
<testsuite skipped="0" hostname="DESKTOP-IDH24Q1" name="com.cookies.FaceBook_Cookies" tests="1" failures="0" timestamp="08 Jan 2019 13:30:40 GMT" time="0.015" errors="0">
  <testcase name="Cookie" time="0.015" classname="com.cookies.FaceBook_Cookies"/>
</testsuite> <!-- com.cookies.FaceBook_Cookies -->
