<?xml version="1.0" encoding="UTF-8"?>
<!-- Generated by org.testng.reporters.JUnitReportReporter -->
<testsuite skipped="0" hostname="DESKTOP-IDH24Q1" name="com.OrangeHRM.TestNG_Login" tests="1" failures="0" timestamp="09 Jan 2019 09:57:11 GMT" time="13.967" errors="0">
  <testcase name="OrangeHRM_Login" time="13.967" classname="com.OrangeHRM.TestNG_Login"/>
</testsuite> <!-- com.OrangeHRM.TestNG_Login -->
