<?xml version="1.0" encoding="UTF-8"?>
<!-- Generated by org.testng.reporters.JUnitReportReporter -->
<testsuite skipped="1" hostname="DESKTOP-IDH24Q1" name="com.OrangeHRM.TestNG_OrangeHRM_Login" tests="2" failures="0" timestamp="11 Jan 2019 14:41:37 GMT" time="9.246" errors="0">
  <testcase name="Login" time="9.246" classname="com.OrangeHRM.TestNG_OrangeHRM_Login"/>
  <testcase name="AddEployee" classname="com.OrangeHRM.TestNG_OrangeHRM_Login">
    <skipped/>
  </testcase> <!-- AddEployee -->
</testsuite> <!-- com.OrangeHRM.TestNG_OrangeHRM_Login -->
